Name                   Stmts   Miss  Cover   Missing
----------------------------------------------------
audio_library.py        4144    192    95%   1214-1238, 1261, 1263, 1276, 1301-1302, 1312-1313, 1319-1320, 1377, 1379, 1383-1403, 1487-1493, 1521, 1525-1526, 1537, 1560, 1627, 1631, 1680-1681, 1686, 1717-1723, 2182, 2207, 2211, 2214-2215, 2238, 2245, 2252, 2258, 2261-2262, 2272, 2299, 2314, 2375, 2410, 2546-2547, 2549-2550, 2556-2578, 2625, 2632, 2646, 2669, 2728-2729, 2737, 2747, 2751-2752, 2760, 2917-2975, 3028, 3035, 3042, 3045, 3066, 3068, 3182, 3643, 5234, 5236, 5257, 5261, 5269, 5352, 5373-5374, 5383, 5397, 5403-5404, 5423, 5441, 5462-5463, 5468-5469, 5471, 6708-6719, 6726-6739, 7389, 7456, 7476, 7478, 7593, 7597, 7599, 7604, 7621, 7623, 7673, 7797-7798, 7805, 8227, 8229, 8232-8233, 8735-8736, 8944, 8946-8965, 9850
chapters.py               77      0   100%
diarize.py                54      0   100%
job_store.py              61      0   100%
mcp_driver.py             33      0   100%
media_shrinker.py        757      0   100%
remote_input.py          140      0   100%
subtitles.py              47      0   100%
summarize.py              56      0   100%
transcribe.py             39      0   100%
transcript_search.py      92      0   100%
usage_metering.py         59      0   100%
----------------------------------------------------
TOTAL                   5559    192    97%
Coverage failure: total of 97 is less than fail-under=100
